1748902840039:help
1748902852423:list
1748902868401:listCommand
1748902871432:exit
1748906774817:list
1748906779386:List
1748906784788:list
1748906789774:add
1748906808494:add learn new
1748907026461:add new things like hello
1748907196982:add new things like this ine
1748949179612:help
1748949197872:version
1748949214433:add learn java and spring
1748949365657:exit
1748951845470:list
1748951849468:list done
1748951870338:list in-progress
1748951885779:list todo
1748952178463:help
1748952204004:exit
1748963936407:help
1748963955188:add learn python
1748963961221:list
1748963988105:-a learn hello world
1748963999104:add learn hello world
1748964118317:list
1748964127274:add learn new things
1748964129062:lsit
1748964131763:list
1748964391038:add learn new things everyday
1748965523048:add new iteam
1748965550124:update learn new things
1748965571207:update 1 learn new things
1748965667857:add learn new things
1748965680603:update 1 hello world
1748965763380:update 1 "hello world "
1748965881182:list
1748965893968:add "learn java and spring"
1748966004352:add "learn new things everuday"
1748966028577:mark-done 1
1748966279374:add "learn new things"
1748966297055:add "learn new everyday"
1748966690260:add "learn new things"
1748966701016:add "learn new"
1749027410540:add "learn new things"
1749027417528:list
1749031626551:list todo
1749031633123:list
1749031653316:add "learn java and spring"
1749031697752:list
1749031705980:add "learn new things"
1749031763508:list
1749031774451:add "learn new"
1749031897030:list
1749032129749:exit
1749050027459:list
1749050031118:cls
1749050034659:clear
1749050043675:help
1749050047444:list
1749050061102:version
1749050066721:quit
1749050106989:help
1749050151906:add "learn spring shell and make small cli to fitch some joke"
1749050161130:exit
1749051296773:list
1749051419586:listlist
1749051421894:lsit
1749051426192:list
1749051483445:list todo
1749051693149:list
1749051703085:list DONE
1749051713226:list TODO
1749051721722:list todo
1749073126762:help
1749073136032:list
1749073139130:exit
